<?xml version="1.0" encoding="UTF-8"?>
<!-- Generated by org.testng.reporters.JUnitReportReporter -->
<testsuite skipped="0" hostname="ITLT-0154" name="script.InvalidLogin" tests="1" failures="0" timestamp="19 Jul 2021 06:18:13 GMT" time="23.766" errors="0">
  <testcase name="testInvalidLogin" time="23.766" classname="script.InvalidLogin"/>
</testsuite> <!-- script.InvalidLogin -->
