<?xml version="1.0" encoding="UTF-8"?>
<!-- Generated by org.testng.reporters.JUnitReportReporter -->
<testsuite skipped="0" hostname="ITLT-0153" name="script.InvalidLogin" tests="1" failures="0" timestamp="18 Jul 2021 16:12:00 GMT" time="32.694" errors="0">
  <testcase name="testInvalidLogin" time="32.694" classname="script.InvalidLogin"/>
</testsuite> <!-- script.InvalidLogin -->
