<?xml version="1.0" encoding="UTF-8"?>
<!-- Generated by org.testng.reporters.JUnitReportReporter -->
<testsuite skipped="0" hostname="ITLT-0153" name="script.ValidLogin" tests="1" failures="0" timestamp="18 Jul 2021 16:12:00 GMT" time="29.141" errors="0">
  <testcase name="testValidLogin" time="29.141" classname="script.ValidLogin"/>
</testsuite> <!-- script.ValidLogin -->
