<?xml version="1.0" encoding="UTF-8"?>
<!-- Generated by org.testng.reporters.JUnitReportReporter -->
<testsuite skipped="0" hostname="ITLT-0153" name="generic.Demo" tests="1" failures="0" timestamp="15 Jul 2021 16:52:24 GMT" time="0.678" errors="0">
  <testcase name="test" time="0.678" classname="generic.Demo"/>
</testsuite> <!-- generic.Demo -->
