<?xml version="1.0" encoding="UTF-8"?>
<!-- Generated by org.testng.reporters.JUnitReportReporter -->
<testsuite skipped="0" hostname="ITLT-0153" name="generic.TestCase1" tests="1" failures="0" timestamp="15 Jul 2021 18:39:30 GMT" time="10.144" errors="0">
  <testcase name="testA" time="10.144" classname="generic.TestCase1"/>
</testsuite> <!-- generic.TestCase1 -->
