<?xml version="1.0" encoding="UTF-8"?>
<!-- Generated by org.testng.reporters.JUnitReportReporter -->
<testsuite skipped="0" hostname="ITLT-0153" name="trial.TestCase1" tests="1" failures="0" timestamp="17 Jul 2021 14:51:49 GMT" time="35.992" errors="0">
  <testcase name="testA" time="35.992" classname="trial.TestCase1"/>
</testsuite> <!-- trial.TestCase1 -->
